0 silly argv {
0 silly argv   _: [ 'publish' ],
0 silly argv   registry: 'https://registry.npmjs.org',
0 silly argv   composed: 'publish',
0 silly argv   lernaVersion: '6.0.3',
0 silly argv   '$0': '/Users/suju/MyProject/zj-demo/node_modules/.bin/lerna'
0 silly argv }
1 notice cli v6.0.3
2 verbose rootPath /Users/suju/MyProject/zj-demo
3 verbose session 6fa646aee9633cce
4 verbose user-agent lerna/6.0.3/node@v16.12.0+arm64 (darwin)
5 silly argv {
5 silly argv   _: [ 'publish' ],
5 silly argv   registry: 'https://registry.npmjs.org',
5 silly argv   composed: 'publish',
5 silly argv   lernaVersion: '6.0.3'
5 silly argv }
6 verbose rootPath /Users/suju/MyProject/zj-demo
7 info current version 5.0.5
8 silly isAnythingCommitted
9 verbose isAnythingCommitted 1
10 silly getCurrentBranch
11 verbose currentBranch main
12 silly remoteBranchExists
13 silly isBehindUpstream
14 silly isBehindUpstream main is behind origin/main by 0 commit(s) and ahead by 0
15 silly hasTags
16 verbose hasTags true
17 silly git-describe.sync "v5.0.5-2-g39672a4" => {"lastTagName":"v5.0.5","lastVersion":"v5.0.5","refCount":"2","sha":"39672a4","isDirty":false}
18 info Looking for changed packages since v5.0.5
19 silly checking diff packages/basic-component
20 silly found diff in packages/basic-component/package.json
20 silly found diff in packages/basic-component/src/Button/index.tsx
21 verbose filtered diff [
21 verbose filtered diff   'packages/basic-component/package.json',
21 verbose filtered diff   'packages/basic-component/src/Button/index.tsx'
21 verbose filtered diff ]
22 verbose updated @zj-demo/basic-component
23 verbose git-describe undefined => "v5.0.5-2-g39672a4"
24 silly git-describe parsed => {"lastTagName":"v5.0.5","lastVersion":"v5.0.5","refCount":"2","sha":"39672a4","isDirty":false}
25 info execute Skipping releases
26 silly lifecycle No script for "preversion" in "zj-demo", continuing
27 silly lifecycle No script for "preversion" in "@zj-demo/basic-component", continuing
28 verbose version @zj-demo/basic-component has no lockfile. Skipping lockfile update.
29 silly lifecycle No script for "version" in "@zj-demo/basic-component", continuing
30 silly lifecycle No script for "version" in "zj-demo", continuing
31 silly gitAdd [ 'packages/basic-component/package.json', 'lerna.json' ]
32 silly gitCommit v5.0.6
33 verbose git [ 'commit', '-m', 'v5.0.6' ]
34 silly gitTag v5.0.6
35 verbose git [ 'tag', 'v5.0.6', '-m', 'v5.0.6' ]
36 silly lifecycle No script for "postversion" in "@zj-demo/basic-component", continuing
37 silly lifecycle No script for "postversion" in "zj-demo", continuing
38 info git Pushing tags...
39 silly gitPush origin main
40 info publish Publishing packages to npm...
41 notice Skipping all user and access validation due to third-party registry
42 notice Make sure you're authenticated properly ¯\_(ツ)_/¯
43 warn ENOLICENSE Package @zj-demo/basic-component is missing a license.
43 warn ENOLICENSE One way to fix this is to add a LICENSE.md file to the root of this repository.
43 warn ENOLICENSE See https://choosealicense.com for additional guidance.
44 silly getCurrentSHA
45 verbose getCurrentSHA a2fe4a888c2867a4f88bde5434cb92591695bb93
46 silly lifecycle No script for "prepublish" in "zj-demo", continuing
47 silly lifecycle No script for "prepare" in "zj-demo", continuing
48 silly lifecycle No script for "prepublishOnly" in "zj-demo", continuing
49 silly lifecycle No script for "prepack" in "zj-demo", continuing
50 verbose pack-directory packages/basic-component
51 silly lifecycle No script for "prepublish" in "@zj-demo/basic-component", continuing
52 silly lifecycle No script for "prepare" in "@zj-demo/basic-component", continuing
53 silly lifecycle No script for "prepublishOnly" in "@zj-demo/basic-component", continuing
54 silly lifecycle No script for "prepack" in "@zj-demo/basic-component", continuing
55 silly lifecycle No script for "postpack" in "@zj-demo/basic-component", continuing
56 verbose packed packages/basic-component
57 silly lifecycle No script for "postpack" in "zj-demo", continuing
58 verbose publish @zj-demo/basic-component
59 silly FetchError: request to https://registry.npmjs.org/@zj-demo%2fbasic-component failed, reason: connect ETIMEDOUT 104.16.22.35:443
59 silly     at ClientRequest.<anonymous> (/Users/suju/MyProject/zj-demo/node_modules/minipass-fetch/lib/index.js:130:14)
59 silly     at ClientRequest.emit (node:events:390:28)
59 silly     at TLSSocket.socketErrorListener (node:_http_client:447:9)
59 silly     at TLSSocket.emit (node:events:402:35)
59 silly     at emitErrorNT (node:internal/streams/destroy:157:8)
59 silly     at emitErrorCloseNT (node:internal/streams/destroy:122:3)
59 silly     at processTicksAndRejections (node:internal/process/task_queues:83:21)
59 silly  FetchError: request to https://registry.npmjs.org/@zj-demo%2fbasic-component failed, reason: connect ETIMEDOUT 104.16.22.35:443
59 silly     at ClientRequest.<anonymous> (/Users/suju/MyProject/zj-demo/node_modules/minipass-fetch/lib/index.js:130:14)
59 silly     at ClientRequest.emit (node:events:390:28)
59 silly     at TLSSocket.socketErrorListener (node:_http_client:447:9)
59 silly     at TLSSocket.emit (node:events:402:35)
59 silly     at emitErrorNT (node:internal/streams/destroy:157:8)
59 silly     at emitErrorCloseNT (node:internal/streams/destroy:122:3)
59 silly     at processTicksAndRejections (node:internal/process/task_queues:83:21) {
59 silly   code: 'ETIMEDOUT',
59 silly   errno: 'ETIMEDOUT',
59 silly   syscall: 'connect',
59 silly   address: '104.16.22.35',
59 silly   port: 443,
59 silly   type: 'system'
59 silly }
60 error ETIMEDOUT request to https://registry.npmjs.org/@zj-demo%2fbasic-component failed, reason: connect ETIMEDOUT 104.16.22.35:443
61 error FetchError: request to https://registry.npmjs.org/@zj-demo%2fbasic-component failed, reason: connect ETIMEDOUT 104.16.22.35:443
61 error     at ClientRequest.<anonymous> (/Users/suju/MyProject/zj-demo/node_modules/minipass-fetch/lib/index.js:130:14)
61 error     at ClientRequest.emit (node:events:390:28)
61 error     at TLSSocket.socketErrorListener (node:_http_client:447:9)
61 error     at TLSSocket.emit (node:events:402:35)
61 error     at emitErrorNT (node:internal/streams/destroy:157:8)
61 error     at emitErrorCloseNT (node:internal/streams/destroy:122:3)
